<?xml version="1.0" encoding="UTF-8"?>
<testng-results ignored="0" total="3" passed="3" failed="0" skipped="0">
  <reporter-output>
  </reporter-output>
  <suite started-at="2025-09-25T19:37:07 IST" name="LambdaTestSuite" finished-at="2025-09-25T19:37:58 IST" duration-ms="50679">
    <groups>
    </groups>
    <test started-at="2025-09-25T19:37:07 IST" name="Scenario2" finished-at="2025-09-25T19:37:22 IST" duration-ms="14934">
      <class name="lambdaTestTestng.lambdatestscenarios.Lambdatestscenarios2">
        <test-method is-config="true" signature="setUp(java.lang.String,java.lang.String,java.lang.String)[pri:0, instance:lambdaTestTestng.lambdatestscenarios.Lambdatestscenarios2@55182842]" started-at="2025-09-25T19:37:07 IST" name="setUp" finished-at="2025-09-25T19:37:18 IST" duration-ms="10844" status="PASS">
          <params>
            <param index="0">
              <value>
                <![CDATA[Chrome]]>
              </value>
            </param>
            <param index="1">
              <value>
                <![CDATA[latest]]>
              </value>
            </param>
            <param index="2">
              <value>
                <![CDATA[Windows 10]]>
              </value>
            </param>
          </params>
          <reporter-output>
          </reporter-output>
        </test-method> <!-- setUp -->
        <test-method signature="ts02()[pri:0, instance:lambdaTestTestng.lambdatestscenarios.Lambdatestscenarios2@55182842]" started-at="2025-09-25T19:37:18 IST" name="ts02" finished-at="2025-09-25T19:37:22 IST" duration-ms="3842" status="PASS">
          <reporter-output>
          </reporter-output>
        </test-method> <!-- ts02 -->
        <test-method is-config="true" signature="testClosure()[pri:0, instance:lambdaTestTestng.lambdatestscenarios.Lambdatestscenarios2@55182842]" started-at="2025-09-25T19:37:22 IST" name="testClosure" finished-at="2025-09-25T19:37:22 IST" duration-ms="188" status="PASS">
          <reporter-output>
          </reporter-output>
        </test-method> <!-- testClosure -->
      </class> <!-- lambdaTestTestng.lambdatestscenarios.Lambdatestscenarios2 -->
    </test> <!-- Scenario2 -->
    <test started-at="2025-09-25T19:37:07 IST" name="Scenario1" finished-at="2025-09-25T19:37:29 IST" duration-ms="21328">
      <class name="lambdaTestTestng.lambdatestscenarios.LambdaTestScenario1">
        <test-method is-config="true" signature="setUp(java.lang.String,java.lang.String,java.lang.String)[pri:0, instance:lambdaTestTestng.lambdatestscenarios.LambdaTestScenario1@4ec4f3a0]" started-at="2025-09-25T19:37:07 IST" name="setUp" finished-at="2025-09-25T19:37:19 IST" duration-ms="11559" status="PASS">
          <params>
            <param index="0">
              <value>
                <![CDATA[Chrome]]>
              </value>
            </param>
            <param index="1">
              <value>
                <![CDATA[latest]]>
              </value>
            </param>
            <param index="2">
              <value>
                <![CDATA[Windows 10]]>
              </value>
            </param>
          </params>
          <reporter-output>
          </reporter-output>
        </test-method> <!-- setUp -->
        <test-method signature="ts01()[pri:0, instance:lambdaTestTestng.lambdatestscenarios.LambdaTestScenario1@4ec4f3a0]" started-at="2025-09-25T19:37:19 IST" name="ts01" finished-at="2025-09-25T19:37:28 IST" duration-ms="9300" status="PASS">
          <reporter-output>
          </reporter-output>
        </test-method> <!-- ts01 -->
        <test-method is-config="true" signature="testClosure()[pri:0, instance:lambdaTestTestng.lambdatestscenarios.LambdaTestScenario1@4ec4f3a0]" started-at="2025-09-25T19:37:28 IST" name="testClosure" finished-at="2025-09-25T19:37:29 IST" duration-ms="425" status="PASS">
          <reporter-output>
          </reporter-output>
        </test-method> <!-- testClosure -->
      </class> <!-- lambdaTestTestng.lambdatestscenarios.LambdaTestScenario1 -->
    </test> <!-- Scenario1 -->
    <test started-at="2025-09-25T19:37:07 IST" name="Scenario3" finished-at="2025-09-25T19:37:58 IST" duration-ms="50679">
      <class name="lambdaTestTestng.lambdatestscenarios.LambdaTestScenario3">
        <test-method is-config="true" signature="setUp(java.lang.String,java.lang.String,java.lang.String)[pri:0, instance:lambdaTestTestng.lambdatestscenarios.LambdaTestScenario3@71d44a3]" started-at="2025-09-25T19:37:07 IST" name="setUp" finished-at="2025-09-25T19:37:29 IST" duration-ms="21844" status="PASS">
          <params>
            <param index="0">
              <value>
                <![CDATA[Chrome]]>
              </value>
            </param>
            <param index="1">
              <value>
                <![CDATA[latest]]>
              </value>
            </param>
            <param index="2">
              <value>
                <![CDATA[Windows 10]]>
              </value>
            </param>
          </params>
          <reporter-output>
          </reporter-output>
        </test-method> <!-- setUp -->
        <test-method signature="ts3()[pri:0, instance:lambdaTestTestng.lambdatestscenarios.LambdaTestScenario3@71d44a3]" started-at="2025-09-25T19:37:29 IST" name="ts3" finished-at="2025-09-25T19:37:58 IST" duration-ms="28380" status="PASS">
          <reporter-output>
          </reporter-output>
        </test-method> <!-- ts3 -->
        <test-method is-config="true" signature="testClosure()[pri:0, instance:lambdaTestTestng.lambdatestscenarios.LambdaTestScenario3@71d44a3]" started-at="2025-09-25T19:37:58 IST" name="testClosure" finished-at="2025-09-25T19:37:58 IST" duration-ms="412" status="PASS">
          <reporter-output>
          </reporter-output>
        </test-method> <!-- testClosure -->
      </class> <!-- lambdaTestTestng.lambdatestscenarios.LambdaTestScenario3 -->
    </test> <!-- Scenario3 -->
  </suite> <!-- LambdaTestSuite -->
</testng-results>
