<?xml version="1.0" encoding="UTF-8"?>
<testng-results ignored="0" total="3" passed="3" failed="0" skipped="0">
  <reporter-output>
  </reporter-output>
  <suite started-at="2025-09-25T19:26:02 IST" name="LambdaTestSuite" finished-at="2025-09-25T19:26:53 IST" duration-ms="51902">
    <groups>
    </groups>
    <test started-at="2025-09-25T19:26:02 IST" name="Scenario2" finished-at="2025-09-25T19:26:17 IST" duration-ms="15362">
      <class name="lambdaTestTestng.lambdatestscenarios.Lambdatestscenarios2">
        <test-method is-config="true" signature="setUp(java.lang.String,java.lang.String,java.lang.String)[pri:0, instance:lambdaTestTestng.lambdatestscenarios.Lambdatestscenarios2@58a9760d]" started-at="2025-09-25T19:26:02 IST" name="setUp" finished-at="2025-09-25T19:26:11 IST" duration-ms="9422" status="PASS">
          <params>
            <param index="0">
              <value>
                <![CDATA[Chrome]]>
              </value>
            </param>
            <param index="1">
              <value>
                <![CDATA[latest]]>
              </value>
            </param>
            <param index="2">
              <value>
                <![CDATA[Windows 10]]>
              </value>
            </param>
          </params>
          <reporter-output>
          </reporter-output>
        </test-method> <!-- setUp -->
        <test-method signature="ts02()[pri:0, instance:lambdaTestTestng.lambdatestscenarios.Lambdatestscenarios2@58a9760d]" started-at="2025-09-25T19:26:11 IST" name="ts02" finished-at="2025-09-25T19:26:17 IST" duration-ms="5483" status="PASS">
          <reporter-output>
          </reporter-output>
        </test-method> <!-- ts02 -->
        <test-method is-config="true" signature="testClosure()[pri:0, instance:lambdaTestTestng.lambdatestscenarios.Lambdatestscenarios2@58a9760d]" started-at="2025-09-25T19:26:17 IST" name="testClosure" finished-at="2025-09-25T19:26:17 IST" duration-ms="410" status="PASS">
          <reporter-output>
          </reporter-output>
        </test-method> <!-- testClosure -->
      </class> <!-- lambdaTestTestng.lambdatestscenarios.Lambdatestscenarios2 -->
    </test> <!-- Scenario2 -->
    <test started-at="2025-09-25T19:26:02 IST" name="Scenario1" finished-at="2025-09-25T19:26:18 IST" duration-ms="16644">
      <class name="lambdaTestTestng.lambdatestscenarios.LambdaTestScenario1">
        <test-method is-config="true" signature="setUp(java.lang.String,java.lang.String,java.lang.String)[pri:0, instance:lambdaTestTestng.lambdatestscenarios.LambdaTestScenario1@55fe41ea]" started-at="2025-09-25T19:26:02 IST" name="setUp" finished-at="2025-09-25T19:26:10 IST" duration-ms="8846" status="PASS">
          <params>
            <param index="0">
              <value>
                <![CDATA[Chrome]]>
              </value>
            </param>
            <param index="1">
              <value>
                <![CDATA[latest]]>
              </value>
            </param>
            <param index="2">
              <value>
                <![CDATA[Windows 10]]>
              </value>
            </param>
          </params>
          <reporter-output>
          </reporter-output>
        </test-method> <!-- setUp -->
        <test-method signature="ts01()[pri:0, instance:lambdaTestTestng.lambdatestscenarios.LambdaTestScenario1@55fe41ea]" started-at="2025-09-25T19:26:10 IST" name="ts01" finished-at="2025-09-25T19:26:18 IST" duration-ms="7314" status="PASS">
          <reporter-output>
          </reporter-output>
        </test-method> <!-- ts01 -->
        <test-method is-config="true" signature="testClosure()[pri:0, instance:lambdaTestTestng.lambdatestscenarios.LambdaTestScenario1@55fe41ea]" started-at="2025-09-25T19:26:18 IST" name="testClosure" finished-at="2025-09-25T19:26:18 IST" duration-ms="429" status="PASS">
          <reporter-output>
          </reporter-output>
        </test-method> <!-- testClosure -->
      </class> <!-- lambdaTestTestng.lambdatestscenarios.LambdaTestScenario1 -->
    </test> <!-- Scenario1 -->
    <test started-at="2025-09-25T19:26:02 IST" name="Scenario3" finished-at="2025-09-25T19:26:53 IST" duration-ms="51902">
      <class name="lambdaTestTestng.lambdatestscenarios.LambdaTestScenario3">
        <test-method is-config="true" signature="setUp(java.lang.String,java.lang.String,java.lang.String)[pri:0, instance:lambdaTestTestng.lambdatestscenarios.LambdaTestScenario3@1190200a]" started-at="2025-09-25T19:26:02 IST" name="setUp" finished-at="2025-09-25T19:26:26 IST" duration-ms="24128" status="PASS">
          <params>
            <param index="0">
              <value>
                <![CDATA[Chrome]]>
              </value>
            </param>
            <param index="1">
              <value>
                <![CDATA[latest]]>
              </value>
            </param>
            <param index="2">
              <value>
                <![CDATA[Windows 10]]>
              </value>
            </param>
          </params>
          <reporter-output>
          </reporter-output>
        </test-method> <!-- setUp -->
        <test-method signature="ts3()[pri:0, instance:lambdaTestTestng.lambdatestscenarios.LambdaTestScenario3@1190200a]" started-at="2025-09-25T19:26:26 IST" name="ts3" finished-at="2025-09-25T19:26:53 IST" duration-ms="27316" status="PASS">
          <reporter-output>
          </reporter-output>
        </test-method> <!-- ts3 -->
        <test-method is-config="true" signature="testClosure()[pri:0, instance:lambdaTestTestng.lambdatestscenarios.LambdaTestScenario3@1190200a]" started-at="2025-09-25T19:26:53 IST" name="testClosure" finished-at="2025-09-25T19:26:53 IST" duration-ms="404" status="PASS">
          <reporter-output>
          </reporter-output>
        </test-method> <!-- testClosure -->
      </class> <!-- lambdaTestTestng.lambdatestscenarios.LambdaTestScenario3 -->
    </test> <!-- Scenario3 -->
  </suite> <!-- LambdaTestSuite -->
</testng-results>
