<?xml version="1.0" encoding="UTF-8"?>
<testng-results ignored="0" total="3" passed="3" failed="0" skipped="0">
  <reporter-output>
  </reporter-output>
  <suite started-at="2025-09-25T23:47:30 IST" name="LambdaTestSuite" finished-at="2025-09-25T23:48:07 IST" duration-ms="36631">
    <groups>
    </groups>
    <test started-at="2025-09-25T23:47:30 IST" name="Scenario1" finished-at="2025-09-25T23:47:45 IST" duration-ms="15401">
      <class name="lambdaTestTestng.lambdatestscenarios.LambdaTestScenario1">
        <test-method is-config="true" signature="setUp(java.lang.String,java.lang.String,java.lang.String)[pri:0, instance:lambdaTestTestng.lambdatestscenarios.LambdaTestScenario1@4ec4f3a0]" started-at="2025-09-25T23:47:30 IST" name="setUp" finished-at="2025-09-25T23:47:38 IST" duration-ms="8174" status="PASS">
          <params>
            <param index="0">
              <value>
                <![CDATA[Chrome]]>
              </value>
            </param>
            <param index="1">
              <value>
                <![CDATA[latest]]>
              </value>
            </param>
            <param index="2">
              <value>
                <![CDATA[Windows 10]]>
              </value>
            </param>
          </params>
          <reporter-output>
          </reporter-output>
        </test-method> <!-- setUp -->
        <test-method signature="ts01()[pri:0, instance:lambdaTestTestng.lambdatestscenarios.LambdaTestScenario1@4ec4f3a0]" started-at="2025-09-25T23:47:38 IST" name="ts01" finished-at="2025-09-25T23:47:45 IST" duration-ms="6799" status="PASS">
          <reporter-output>
          </reporter-output>
        </test-method> <!-- ts01 -->
        <test-method is-config="true" signature="testClosure()[pri:0, instance:lambdaTestTestng.lambdatestscenarios.LambdaTestScenario1@4ec4f3a0]" started-at="2025-09-25T23:47:45 IST" name="testClosure" finished-at="2025-09-25T23:47:45 IST" duration-ms="396" status="PASS">
          <reporter-output>
          </reporter-output>
        </test-method> <!-- testClosure -->
      </class> <!-- lambdaTestTestng.lambdatestscenarios.LambdaTestScenario1 -->
    </test> <!-- Scenario1 -->
    <test started-at="2025-09-25T23:47:30 IST" name="Scenario3" finished-at="2025-09-25T23:48:04 IST" duration-ms="34223">
      <class name="lambdaTestTestng.lambdatestscenarios.LambdaTestScenario3">
        <test-method is-config="true" signature="setUp(java.lang.String,java.lang.String,java.lang.String)[pri:0, instance:lambdaTestTestng.lambdatestscenarios.LambdaTestScenario3@71d44a3]" started-at="2025-09-25T23:47:30 IST" name="setUp" finished-at="2025-09-25T23:47:38 IST" duration-ms="7983" status="PASS">
          <params>
            <param index="0">
              <value>
                <![CDATA[Chrome]]>
              </value>
            </param>
            <param index="1">
              <value>
                <![CDATA[latest]]>
              </value>
            </param>
            <param index="2">
              <value>
                <![CDATA[Windows 10]]>
              </value>
            </param>
          </params>
          <reporter-output>
          </reporter-output>
        </test-method> <!-- setUp -->
        <test-method signature="ts3()[pri:0, instance:lambdaTestTestng.lambdatestscenarios.LambdaTestScenario3@71d44a3]" started-at="2025-09-25T23:47:38 IST" name="ts3" finished-at="2025-09-25T23:48:04 IST" duration-ms="25821" status="PASS">
          <reporter-output>
          </reporter-output>
        </test-method> <!-- ts3 -->
        <test-method is-config="true" signature="testClosure()[pri:0, instance:lambdaTestTestng.lambdatestscenarios.LambdaTestScenario3@71d44a3]" started-at="2025-09-25T23:48:04 IST" name="testClosure" finished-at="2025-09-25T23:48:04 IST" duration-ms="384" status="PASS">
          <reporter-output>
          </reporter-output>
        </test-method> <!-- testClosure -->
      </class> <!-- lambdaTestTestng.lambdatestscenarios.LambdaTestScenario3 -->
    </test> <!-- Scenario3 -->
    <test started-at="2025-09-25T23:47:30 IST" name="Scenario2" finished-at="2025-09-25T23:48:07 IST" duration-ms="36631">
      <class name="lambdaTestTestng.lambdatestscenarios.Lambdatestscenarios2">
        <test-method is-config="true" signature="setUp(java.lang.String,java.lang.String,java.lang.String)[pri:0, instance:lambdaTestTestng.lambdatestscenarios.Lambdatestscenarios2@55182842]" started-at="2025-09-25T23:47:30 IST" name="setUp" finished-at="2025-09-25T23:47:59 IST" duration-ms="29223" status="PASS">
          <params>
            <param index="0">
              <value>
                <![CDATA[Chrome]]>
              </value>
            </param>
            <param index="1">
              <value>
                <![CDATA[latest]]>
              </value>
            </param>
            <param index="2">
              <value>
                <![CDATA[Windows 10]]>
              </value>
            </param>
          </params>
          <reporter-output>
          </reporter-output>
        </test-method> <!-- setUp -->
        <test-method signature="ts02()[pri:0, instance:lambdaTestTestng.lambdatestscenarios.Lambdatestscenarios2@55182842]" started-at="2025-09-25T23:47:59 IST" name="ts02" finished-at="2025-09-25T23:48:06 IST" duration-ms="6998" status="PASS">
          <reporter-output>
          </reporter-output>
        </test-method> <!-- ts02 -->
        <test-method is-config="true" signature="testClosure()[pri:0, instance:lambdaTestTestng.lambdatestscenarios.Lambdatestscenarios2@55182842]" started-at="2025-09-25T23:48:06 IST" name="testClosure" finished-at="2025-09-25T23:48:07 IST" duration-ms="382" status="PASS">
          <reporter-output>
          </reporter-output>
        </test-method> <!-- testClosure -->
      </class> <!-- lambdaTestTestng.lambdatestscenarios.Lambdatestscenarios2 -->
    </test> <!-- Scenario2 -->
  </suite> <!-- LambdaTestSuite -->
</testng-results>
