<?xml version="1.0" encoding="UTF-8"?>
<testsuite xmlns:xsi="http://www.w3.org/2001/XMLSchema-instance" xsi:noNamespaceSchemaLocation="https://maven.apache.org/surefire/maven-surefire-plugin/xsd/surefire-test-report-3.0.xsd" version="3.0" name="TestSuite" time="37.135" tests="3" errors="0" skipped="0" failures="0">
  <properties>
[...]
</properties>
  <testcase name="ts01" classname="lambdaTestTestng.lambdatestscenarios.LambdaTestScenario1" time="6.804">
    <system-out><![CDATA[✔ Message validation Passed: Welcome to Lambda Test
]]></system-out>
    <system-err><![CDATA[Sept 25, 2025 11:47:30 PM org.openqa.selenium.remote.tracing.opentelemetry.OpenTelemetryTracer createTracer
INFO: Using OpenTelemetry for tracing
]]></system-err>
  </testcase>
  <testcase name="ts3" classname="lambdaTestTestng.lambdatestscenarios.LambdaTestScenario3" time="4.592">
    <system-out><![CDATA[Successfully Contacted
]]></system-out>
  </testcase>
  <testcase name="ts02" classname="lambdaTestTestng.lambdatestscenarios.Lambdatestscenarios2" time="7">
    <system-out><![CDATA[✔ Slider moved to 95 successfully.
]]></system-out>
  </testcase>
</testsuite>